<?xml version="1.0" encoding="UTF-8"?>
<!-- Generated by org.testng.reporters.JUnitReportReporter -->
<testsuite skipped="0" hostname="F7HYFH2" name="testng.Annotations" tests="3" failures="0" timestamp="04 Aug 2019 09:44:10 GMT" time="0.017" errors="0">
  <testcase name="tc02" time="0.003" classname="testng.Annotations"/>
  <testcase name="tc01" time="0.010" classname="testng.Annotations"/>
  <testcase name="tc03" time="0.004" classname="testng.Annotations"/>
</testsuite> <!-- testng.Annotations -->
