<?xml version="1.0" encoding="UTF-8"?>
<!-- Generated by org.testng.reporters.JUnitReportReporter -->
<testsuite skipped="0" hostname="F7HYFH2" name="Selenium.DropDownList_JS" tests="1" failures="0" timestamp="27 Aug 2019 15:05:13 GMT" time="3.525" errors="0">
  <testcase name="dropDownListJS" time="3.525" classname="Selenium.DropDownList_JS"/>
</testsuite> <!-- Selenium.DropDownList_JS -->
