<?xml version="1.0" encoding="UTF-8"?>
<!-- Generated by org.testng.reporters.JUnitReportReporter -->
<testsuite skipped="0" hostname="F7HYFH2" name="SeleniumAPI.Section8_Ex2" tests="1" failures="0" timestamp="30 Jul 2019 13:00:20 GMT" time="14.576" errors="0">
  <testcase name="ex2" time="14.576" classname="SeleniumAPI.Section8_Ex2"/>
</testsuite> <!-- SeleniumAPI.Section8_Ex2 -->
