<?xml version="1.0" encoding="UTF-8"?>
<!-- Generated by org.testng.reporters.JUnitReportReporter -->
<testsuite hostname="F7HYFH2" name="SeleniumAPI.Section_Ex5" tests="1" failures="0" timestamp="27 Jul 2019 08:54:33 GMT" time="7.008" errors="0">
  <testcase name="Ex5" time="7.008" classname="SeleniumAPI.Section_Ex5"/>
</testsuite> <!-- SeleniumAPI.Section_Ex5 -->
