<?xml version="1.0" encoding="UTF-8"?>
<!-- Generated by org.testng.reporters.JUnitReportReporter -->
<testsuite hostname="F7HYFH2" failures="0" tests="2" name="CSSPractice.Section3_Ex1_2" time="8.579" errors="0" timestamp="23 Oct 2019 13:22:58 GMT" skipped="0">
  <testcase classname="CSSPractice.Section3_Ex1_2" name="test3_3" time="5.564"/>
  <testcase classname="CSSPractice.Section3_Ex1_2" name="testcase_3_2" time="3.015"/>
</testsuite> <!-- CSSPractice.Section3_Ex1_2 -->
