<?xml version="1.0" encoding="UTF-8"?>
<!-- Generated by org.testng.reporters.JUnitReportReporter -->
<testsuite hostname="F7HYFH2" name="SeleniumAPI.Section4_Ex4" tests="1" failures="0" timestamp="27 Jul 2019 08:39:34 GMT" time="10.431" errors="0">
  <testcase name="Ex4" time="10.431" classname="SeleniumAPI.Section4_Ex4"/>
</testsuite> <!-- SeleniumAPI.Section4_Ex4 -->
