<?xml version="1.0" encoding="UTF-8"?>
<!-- Generated by org.testng.reporters.JUnitReportReporter -->
<testsuite hostname="F7HYFH2" name="SeleniumAPI.Section3_Ex3" tests="1" failures="0" timestamp="20 Jul 2019 05:51:14 GMT" time="2.995" errors="0">
  <testcase name="test3_3" time="2.995" classname="SeleniumAPI.Section3_Ex3"/>
</testsuite> <!-- SeleniumAPI.Section3_Ex3 -->
