<?xml version="1.0" encoding="UTF-8"?>
<!-- Generated by org.testng.reporters.JUnitReportReporter -->
<testsuite hostname="F7HYFH2" name="SeleniumAPI.Section4_EX1" tests="1" failures="0" timestamp="21 Jul 2019 10:00:26 GMT" time="8.078" errors="0">
  <testcase name="TestEx1" time="8.078" classname="SeleniumAPI.Section4_EX1"/>
</testsuite> <!-- SeleniumAPI.Section4_EX1 -->
