<?xml version="1.0" encoding="UTF-8"?>
<!-- Generated by org.testng.reporters.JUnitReportReporter -->
<testsuite hostname="F7HYFH2" name="SeleniumAPI.Section5_Ex2" tests="1" failures="0" timestamp="27 Jul 2019 10:08:20 GMT" time="2.184" errors="0">
  <testcase name="Ex2" time="2.184" classname="SeleniumAPI.Section5_Ex2"/>
</testsuite> <!-- SeleniumAPI.Section5_Ex2 -->
