<?xml version="1.0" encoding="UTF-8"?>
<!-- Generated by org.testng.reporters.JUnitReportReporter -->
<testsuite hostname="F7HYFH2" name="SeleniumAPI.Section4_Ex2" tests="1" failures="0" timestamp="27 Jul 2019 08:01:54 GMT" time="4.265" errors="0">
  <testcase name="TestEx2" time="4.265" classname="SeleniumAPI.Section4_Ex2"/>
</testsuite> <!-- SeleniumAPI.Section4_Ex2 -->
