<?xml version="1.0" encoding="UTF-8"?>
<!-- Generated by org.testng.reporters.JUnitReportReporter -->
<testsuite hostname="F7HYFH2" name="SeleniumAPI.WebCommand" tests="1" failures="0" timestamp="7 Jul 2019 08:46:02 GMT" time="5.686" errors="0">
  <testcase name="testcase_01" time="5.686" classname="SeleniumAPI.WebCommand"/>
</testsuite> <!-- SeleniumAPI.WebCommand -->
