<?xml version="1.0" encoding="UTF-8"?>
<!-- Generated by org.testng.reporters.JUnitReportReporter -->
<testsuite skipped="0" hostname="F7HYFH2" name="SeleniumAPI.Section6_Ex3" tests="1" failures="0" timestamp="28 Jul 2019 08:06:00 GMT" time="9.528" errors="0">
  <testcase name="ex3" time="9.528" classname="SeleniumAPI.Section6_Ex3"/>
</testsuite> <!-- SeleniumAPI.Section6_Ex3 -->
