<?xml version="1.0" encoding="UTF-8"?>
<!-- Generated by org.testng.reporters.JUnitReportReporter -->
<testsuite skipped="0" hostname="F7HYFH2" name="testng.TestDataProvider" tests="3" failures="0" timestamp="04 Aug 2019 10:39:04 GMT" time="13.060" errors="0">
  <testcase name="tc03" time="2.964" classname="testng.TestDataProvider"/>
  <testcase name="tc02" time="3.599" classname="testng.TestDataProvider"/>
  <testcase name="tc01" time="6.497" classname="testng.TestDataProvider"/>
</testsuite> <!-- testng.TestDataProvider -->
