<?xml version="1.0" encoding="UTF-8"?>
<!-- Generated by org.testng.reporters.JUnitReportReporter -->
<testsuite hostname="F7HYFH2" name="SeleniumAPI.Section6_Ex2" tests="1" failures="0" timestamp="28 Jul 2019 07:45:39 GMT" time="4.902" errors="0">
  <testcase name="Ex2" time="4.902" classname="SeleniumAPI.Section6_Ex2"/>
</testsuite> <!-- SeleniumAPI.Section6_Ex2 -->
