<?xml version="1.0" encoding="UTF-8"?>
<!-- Generated by org.testng.reporters.JUnitReportReporter -->
<testsuite skipped="0" hostname="F7HYFH2" name="Selenium.DropDownList_JS2" tests="1" failures="0" timestamp="27 Aug 2019 15:16:11 GMT" time="3.731" errors="0">
  <testcase name="dropDownListJS" time="3.731" classname="Selenium.DropDownList_JS2"/>
</testsuite> <!-- Selenium.DropDownList_JS2 -->
