<?xml version="1.0" encoding="UTF-8"?>
<!-- Generated by org.testng.reporters.JUnitReportReporter -->
<testsuite skipped="0" hostname="F7HYFH2" name="SeleniumAPI.Section3_Ex1_4" tests="1" failures="0" timestamp="07 Aug 2019 16:08:00 GMT" time="3.800" errors="0">
  <testcase name="test3_4" time="3.800" classname="SeleniumAPI.Section3_Ex1_4"/>
</testsuite> <!-- SeleniumAPI.Section3_Ex1_4 -->
