<?xml version="1.0" encoding="UTF-8"?>
<!-- Generated by org.testng.reporters.JUnitReportReporter -->
<testsuite hostname="F7HYFH2" name="SeleniumAPI.Section3_Ex4" tests="1" failures="0" timestamp="20 Jul 2019 06:08:11 GMT" time="2.551" errors="0">
  <testcase name="test3_4" time="2.551" classname="SeleniumAPI.Section3_Ex4"/>
</testsuite> <!-- SeleniumAPI.Section3_Ex4 -->
