<?xml version="1.0" encoding="UTF-8"?>
<!-- Generated by org.testng.reporters.JUnitReportReporter -->
<testsuite skipped="0" hostname="F7HYFH2" name="SeleniumAPI.Section3_Ex1_2" tests="2" failures="0" timestamp="04 Aug 2019 08:31:15 GMT" time="5.332" errors="0">
  <testcase name="test3_3" time="4.087" classname="SeleniumAPI.Section3_Ex1_2"/>
  <testcase name="testcase_3_2" time="1.245" classname="SeleniumAPI.Section3_Ex1_2"/>
</testsuite> <!-- SeleniumAPI.Section3_Ex1_2 -->
