<?xml version="1.0" encoding="UTF-8"?>
<!-- Generated by org.testng.reporters.JUnitReportReporter -->
<testsuite skipped="0" hostname="F7HYFH2" name="SeleniumAPI.Section6_Ex4" tests="1" failures="0" timestamp="28 Jul 2019 09:30:57 GMT" time="25.893" errors="0">
  <testcase name="ex4" time="25.893" classname="SeleniumAPI.Section6_Ex4"/>
</testsuite> <!-- SeleniumAPI.Section6_Ex4 -->
