<?xml version="1.0" encoding="UTF-8"?>
<!-- Generated by org.testng.reporters.JUnitReportReporter -->
<testsuite skipped="0" hostname="F7HYFH2" name="SeleniumAPI.Section7_Ex2_2" tests="1" failures="0" timestamp="30 Jul 2019 12:21:59 GMT" time="7.872" errors="0">
  <testcase name="Ex2_2" time="7.872" classname="SeleniumAPI.Section7_Ex2_2"/>
</testsuite> <!-- SeleniumAPI.Section7_Ex2_2 -->
