<?xml version="1.0" encoding="UTF-8"?>
<!-- Generated by org.testng.reporters.JUnitReportReporter -->
<testsuite hostname="F7HYFH2" name="SeleniumAPI.Section5_Ex1" tests="1" failures="0" timestamp="27 Jul 2019 10:26:00 GMT" time="12.425" errors="0">
  <testcase name="Ex1" time="12.425" classname="SeleniumAPI.Section5_Ex1"/>
</testsuite> <!-- SeleniumAPI.Section5_Ex1 -->
