<?xml version="1.0" encoding="UTF-8"?>
<!-- Generated by org.testng.reporters.JUnitReportReporter -->
<testsuite skipped="0" hostname="F7HYFH2" name="SeleniumAPI.Section3_Ex1_5" tests="1" failures="0" timestamp="06 Aug 2019 13:23:25 GMT" time="6.723" errors="0">
  <testcase name="test3_5" time="6.723" classname="SeleniumAPI.Section3_Ex1_5"/>
</testsuite> <!-- SeleniumAPI.Section3_Ex1_5 -->
