<?xml version="1.0" encoding="UTF-8"?>
<!-- Generated by org.testng.reporters.JUnitReportReporter -->
<testsuite hostname="F7HYFH2" name="SeleniumAPI.Section3_Ex1_1" tests="3" failures="0" timestamp="28 Jul 2019 07:35:50 GMT" time="4.713" errors="0">
  <testcase name="testcase_3_1" time="1.027" classname="SeleniumAPI.Section3_Ex1_1"/>
  <testcase name="test3_3" time="3.241" classname="SeleniumAPI.Section3_Ex1_1"/>
  <testcase name="testcase_3_2" time="0.445" classname="SeleniumAPI.Section3_Ex1_1"/>
</testsuite> <!-- SeleniumAPI.Section3_Ex1_1 -->
