<?xml version="1.0" encoding="UTF-8"?>
<!-- Generated by org.testng.reporters.JUnitReportReporter -->
<testsuite hostname="F7HYFH2" name="SeleniumAPI.Section4_Ex6" tests="1" failures="0" timestamp="27 Jul 2019 09:13:52 GMT" time="4.092" errors="0">
  <testcase name="Ex6" time="4.092" classname="SeleniumAPI.Section4_Ex6"/>
</testsuite> <!-- SeleniumAPI.Section4_Ex6 -->
