<?xml version="1.0" encoding="UTF-8"?>
<!-- Generated by org.testng.reporters.JUnitReportReporter -->
<testsuite skipped="0" hostname="F7HYFH2" name="SeleniumAPI.Section7_Ex1_1" tests="1" failures="0" timestamp="28 Jul 2019 10:26:20 GMT" time="7.536" errors="0">
  <testcase name="ex1" time="7.536" classname="SeleniumAPI.Section7_Ex1_1"/>
</testsuite> <!-- SeleniumAPI.Section7_Ex1_1 -->
