<?xml version="1.0" encoding="UTF-8"?>
<!-- Generated by org.testng.reporters.JUnitReportReporter -->
<testsuite hostname="F7HYFH2" name="SeleniumAPI.Section3_Ex1" tests="1" failures="0" timestamp="7 Jul 2019 09:31:28 GMT" time="3.903" errors="0">
  <testcase name="testcase_3_1" time="3.903" classname="SeleniumAPI.Section3_Ex1"/>
</testsuite> <!-- SeleniumAPI.Section3_Ex1 -->
