<?xml version="1.0" encoding="UTF-8"?>
<!-- Generated by org.testng.reporters.JUnitReportReporter -->
<testsuite skipped="0" hostname="F7HYFH2" name="SeleniumAPI.Section7_Ex1_2" tests="1" failures="0" timestamp="30 Jul 2019 12:08:10 GMT" time="12.379" errors="0">
  <testcase name="Ex1_2" time="12.379" classname="SeleniumAPI.Section7_Ex1_2"/>
</testsuite> <!-- SeleniumAPI.Section7_Ex1_2 -->
