<?xml version="1.0" encoding="UTF-8"?>
<!-- Generated by org.testng.reporters.JUnitReportReporter -->
<testsuite hostname="F7HYFH2" name="SeleniumAPI.Section6_Ex1" tests="1" failures="0" timestamp="28 Jul 2019 07:20:06 GMT" time="22.157" errors="0">
  <testcase name="Ex1" time="22.157" classname="SeleniumAPI.Section6_Ex1"/>
</testsuite> <!-- SeleniumAPI.Section6_Ex1 -->
