<?xml version="1.0" encoding="UTF-8"?>
<!-- Generated by org.testng.reporters.JUnitReportReporter -->
<testsuite skipped="0" hostname="F7HYFH2" name="SeleniumAPI.Section8_Ex1" tests="1" failures="0" timestamp="30 Jul 2019 13:06:54 GMT" time="13.396" errors="0">
  <testcase name="ex1" time="13.396" classname="SeleniumAPI.Section8_Ex1"/>
</testsuite> <!-- SeleniumAPI.Section8_Ex1 -->
