<?xml version="1.0" encoding="UTF-8"?>
<!-- Generated by org.testng.reporters.JUnitReportReporter -->
<testsuite hostname="F7HYFH2" name="SeleniumAPI.Section3_Ex5" tests="1" failures="0" timestamp="20 Jul 2019 08:07:29 GMT" time="6.153" errors="0">
  <testcase name="test3_5" time="6.153" classname="SeleniumAPI.Section3_Ex5"/>
</testsuite> <!-- SeleniumAPI.Section3_Ex5 -->
