<?xml version="1.0" encoding="UTF-8"?>
<!-- Generated by org.testng.reporters.JUnitReportReporter -->
<testsuite hostname="F7HYFH2" name="SeleniumAPI.Section4_Ex3" tests="1" failures="0" timestamp="27 Jul 2019 08:24:37 GMT" time="4.681" errors="0">
  <testcase name="Ex3" time="4.681" classname="SeleniumAPI.Section4_Ex3"/>
</testsuite> <!-- SeleniumAPI.Section4_Ex3 -->
