<?xml version="1.0" encoding="UTF-8"?>
<!-- Generated by org.testng.reporters.JUnitReportReporter -->
<testsuite skipped="0" hostname="F7HYFH2" name="SeleniumAPI.Section8_Ex4" tests="1" failures="0" timestamp="30 Jul 2019 14:02:21 GMT" time="25.785" errors="0">
  <testcase name="ex4" time="25.785" classname="SeleniumAPI.Section8_Ex4"/>
</testsuite> <!-- SeleniumAPI.Section8_Ex4 -->
