<?xml version="1.0" encoding="UTF-8"?>
<!-- Generated by org.testng.reporters.JUnitReportReporter -->
<testsuite skipped="0" hostname="F7HYFH2" name="Selenium.Topic08_Dropdownlist_exercises" tests="1" failures="0" timestamp="26 Aug 2019 04:04:42 GMT" time="8.623" errors="0">
  <testcase name="TC_04_CustomDropdown_KendoUI" time="8.623" classname="Selenium.Topic08_Dropdownlist_exercises"/>
</testsuite> <!-- Selenium.Topic08_Dropdownlist_exercises -->
