<?xml version="1.0" encoding="UTF-8"?>
<!-- Generated by org.testng.reporters.JUnitReportReporter -->
<testsuite hostname="F7HYFH2" name="SeleniumAPI.Section5_Ex3" tests="1" failures="0" timestamp="27 Jul 2019 15:43:03 GMT" time="6.143" errors="0">
  <testcase name="Ex3" time="6.143" classname="SeleniumAPI.Section5_Ex3"/>
</testsuite> <!-- SeleniumAPI.Section5_Ex3 -->
