<?xml version="1.0" encoding="UTF-8"?>
<!-- Generated by org.testng.reporters.JUnitReportReporter -->
<testsuite skipped="0" hostname="F7HYFH2" name="SeleniumAPI.Section7_Ex2_1" tests="1" failures="0" timestamp="30 Jul 2019 12:15:44 GMT" time="4.185" errors="0">
  <testcase name="Ex2_1" time="4.185" classname="SeleniumAPI.Section7_Ex2_1"/>
</testsuite> <!-- SeleniumAPI.Section7_Ex2_1 -->
