<?xml version="1.0" encoding="UTF-8"?>
<!-- Generated by org.testng.reporters.JUnitReportReporter -->
<testsuite skipped="0" hostname="F7HYFH2" name="SeleniumAPI.Section4_Ex5" tests="1" failures="0" timestamp="04 Sep 2019 18:24:17 GMT" time="18.778" errors="0">
  <testcase name="Ex5" time="18.778" classname="SeleniumAPI.Section4_Ex5"/>
</testsuite> <!-- SeleniumAPI.Section4_Ex5 -->
