<?xml version="1.0" encoding="UTF-8"?>
<!-- Generated by org.testng.reporters.JUnitReportReporter -->
<testsuite hostname="F7HYFH2" name="SeleniumAPI.Section3_Ex2" tests="1" failures="0" timestamp="20 Jul 2019 05:49:05 GMT" time="2.724" errors="0">
  <testcase name="testcase_3_2" time="2.724" classname="SeleniumAPI.Section3_Ex2"/>
</testsuite> <!-- SeleniumAPI.Section3_Ex2 -->
