<?xml version="1.0" encoding="UTF-8"?>
<!-- Generated by org.testng.reporters.JUnitReportReporter -->
<testsuite skipped="0" hostname="F7HYFH2" name="testng.TestParameter" tests="3" failures="0" timestamp="04 Aug 2019 09:51:58 GMT" time="13.194" errors="0">
  <testcase name="tc03" time="2.244" classname="testng.TestParameter"/>
  <testcase name="tc02" time="3.539" classname="testng.TestParameter"/>
  <testcase name="tc01" time="7.411" classname="testng.TestParameter"/>
</testsuite> <!-- testng.TestParameter -->
